INFO:root:*** PARAMETERS ***
INFO:root:{'adj_mat_time_window': 1,
 'adj_mat_time_window_max': 10,
 'adj_mat_time_window_min': 1,
 'class_weights': [0.4, 0.6],
 'comments': ['comments'],
 'data': 'ether_temporal',
 'data_loading_params': {'batch_size': 1, 'num_workers': 0},
 'dev_proportion': 0.2,
 'device': 'cpu',
 'early_stop_patience': 100,
 'ether_args': <utils.Namespace object at 0x000001556469B0B8>,
 'eval_after_epochs': 5,
 'gcn_parameters': {'cls_feats': 510,
                    'cls_feats_max': 700,
                    'cls_feats_min': 100,
                    'feats_per_node': 50,
                    'feats_per_node_max': 312,
                    'feats_per_node_min': 30,
                    'k_top_grcu': 200,
                    'layer_1_feats': 76,
                    'layer_1_feats_max': 500,
                    'layer_1_feats_min': 30,
                    'layer_2_feats': 76,
                    'layer_2_feats_same_as_l1': True,
                    'lstm_l1_feats': 125,
                    'lstm_l1_feats_max': 500,
                    'lstm_l1_feats_min': 50,
                    'lstm_l1_layers': 1,
                    'lstm_l2_feats': 125,
                    'lstm_l2_feats_same_as_l1': True,
                    'lstm_l2_layers': 1,
                    'num_layers': 5},
 'learning_rate': 0.012,
 'learning_rate_max': 0.02,
 'learning_rate_min': 0.0001,
 'model': 'skipgcn',
 'negative_mult_test': 100,
 'negative_mult_training': 20,
 'num_epochs': 100,
 'num_hist_steps': 3,
 'num_hist_steps_max': 10,
 'num_hist_steps_min': 3,
 'rank': 0,
 'save_node_embeddings': True,
 'seed': 1234,
 'smart_neg_sampling': False,
 'steps_accum_gradients': 5,
 'target_class': 1,
 'target_measure': 'F1',
 'task': 'node_cls',
 'train_proportion': 0.45,
 'use_1_hot_node_feats': False,
 'use_2_hot_node_feats': False,
 'use_cuda': False,
 'use_logfile': True,
 'wsize': 1}
INFO:root:
INFO:root:################ TRAIN epoch 0 ###################
