INFO:root:*** PARAMETERS ***
INFO:root:{'adj_mat_time_window': 1,
 'adj_mat_time_window_max': 10,
 'adj_mat_time_window_min': 1,
 'class_weights': [0.4, 0.6],
 'comments': ['comments'],
 'data': 'ether_temporal',
 'data_loading_params': {'batch_size': 1, 'num_workers': 0},
 'dev_proportion': 0.2,
 'device': 'cpu',
 'early_stop_patience': 100,
 'ether_args': <utils.Namespace object at 0x000001E7524FF240>,
 'eval_after_epochs': 5,
 'gcn_parameters': {'cls_feats': 510,
                    'cls_feats_max': 700,
                    'cls_feats_min': 100,
                    'feats_per_node': 34,
                    'feats_per_node_max': 312,
                    'feats_per_node_min': 30,
                    'k_top_grcu': 200,
                    'layer_1_feats': 76,
                    'layer_1_feats_max': 500,
                    'layer_1_feats_min': 30,
                    'layer_2_feats': 76,
                    'layer_2_feats_same_as_l1': True,
                    'lstm_l1_feats': 125,
                    'lstm_l1_feats_max': 500,
                    'lstm_l1_feats_min': 50,
                    'lstm_l1_layers': 1,
                    'lstm_l2_feats': 125,
                    'lstm_l2_feats_same_as_l1': True,
                    'lstm_l2_layers': 1,
                    'num_layers': 5},
 'learning_rate': 0.012,
 'learning_rate_max': 0.02,
 'learning_rate_min': 0.0001,
 'model': 'egcn_h',
 'negative_mult_test': 100,
 'negative_mult_training': 20,
 'num_epochs': 100,
 'num_hist_steps': 3,
 'num_hist_steps_max': 10,
 'num_hist_steps_min': 3,
 'rank': 0,
 'save_node_embeddings': True,
 'seed': 1234,
 'smart_neg_sampling': False,
 'steps_accum_gradients': 5,
 'target_class': 1,
 'target_measure': 'F1',
 'task': 'node_cls',
 'train_proportion': 0.45,
 'use_1_hot_node_feats': False,
 'use_2_hot_node_feats': False,
 'use_cuda': False,
 'use_logfile': True,
 'wsize': 1}
INFO:root:
INFO:root:################ TRAIN epoch 0 ###################
INFO:root:TRAIN mean losses tensor(5.7437e+08)
INFO:root:TRAIN mean errors 0.4472573697566986
INFO:root:TRAIN mean MRR 0.0 - mean MAP 0.43560802936553955
INFO:root:TRAIN tp {0: tensor(109), 1: tensor(22)},fn {0: tensor(28), 1: tensor(78)},fp {0: tensor(78), 1: tensor(28)}
INFO:root:TRAIN measures microavg - precision 0.5527 - recall 0.5527 - f1 0.5527 
INFO:root:TRAIN measures for class 0 - precision 0.5829 - recall 0.7956 - f1 0.6728 
INFO:root:TRAIN measures for class 1 - precision 0.4400 - recall 0.2200 - f1 0.2933 
INFO:root:TRAIN measures@10 microavg - precision 0.5098 - recall 0.1097 - f1 0.1806 
INFO:root:TRAIN measures@10 for class 0 - precision 0.5667 - recall 0.1241 - f1 0.2036 
INFO:root:TRAIN measures@10 for class 1 - precision 0.4286 - recall 0.0900 - f1 0.1488 
INFO:root:TRAIN measures@15 microavg - precision 0.5139 - recall 0.1561 - f1 0.2395 
INFO:root:TRAIN measures@15 for class 0 - precision 0.5778 - recall 0.1898 - f1 0.2857 
INFO:root:TRAIN measures@15 for class 1 - precision 0.4074 - recall 0.1100 - f1 0.1732 
INFO:root:TRAIN measures@25 microavg - precision 0.5472 - recall 0.2447 - f1 0.3382 
INFO:root:TRAIN measures@25 for class 0 - precision 0.6087 - recall 0.3066 - f1 0.4078 
INFO:root:TRAIN measures@25 for class 1 - precision 0.4324 - recall 0.1600 - f1 0.2336 
INFO:root:TRAIN Total epoch time: 1.25
INFO:root:################ TRAIN epoch 1 ###################
INFO:root:TRAIN mean losses tensor(1.9541e+10)
INFO:root:TRAIN mean errors 0.4303797483444214
INFO:root:TRAIN mean MRR 0.0 - mean MAP 0.4195266366004944
INFO:root:TRAIN tp {0: tensor(68), 1: tensor(67)},fn {0: tensor(69), 1: tensor(33)},fp {0: tensor(33), 1: tensor(69)}
INFO:root:TRAIN measures microavg - precision 0.5696 - recall 0.5696 - f1 0.5696 
INFO:root:TRAIN measures for class 0 - precision 0.6733 - recall 0.4964 - f1 0.5714 
INFO:root:TRAIN measures for class 1 - precision 0.4926 - recall 0.6700 - f1 0.5678 
INFO:root:TRAIN measures@10 microavg - precision 0.5909 - recall 0.1097 - f1 0.1851 
INFO:root:TRAIN measures@10 for class 0 - precision 0.8000 - recall 0.1168 - f1 0.2038 
INFO:root:TRAIN measures@10 for class 1 - precision 0.4167 - recall 0.1000 - f1 0.1613 
INFO:root:TRAIN measures@15 microavg - precision 0.5667 - recall 0.1435 - f1 0.2290 
INFO:root:TRAIN measures@15 for class 0 - precision 0.7000 - recall 0.1533 - f1 0.2515 
INFO:root:TRAIN measures@15 for class 1 - precision 0.4333 - recall 0.1300 - f1 0.2000 
INFO:root:TRAIN measures@25 microavg - precision 0.5556 - recall 0.2110 - f1 0.3058 
INFO:root:TRAIN measures@25 for class 0 - precision 0.6667 - recall 0.2336 - f1 0.3459 
INFO:root:TRAIN measures@25 for class 1 - precision 0.4286 - recall 0.1800 - f1 0.2535 
INFO:root:TRAIN Total epoch time: 1.625
INFO:root:################ TRAIN epoch 2 ###################
